[INFO], 2022-09-13 22:35:25 SoldierVisitor:15 - Greetings Soldier
[INFO], 2022-09-13 22:35:25 SoldierVisitor:15 - Greetings Soldier
[INFO], 2022-09-13 22:35:25 SoldierVisitor:15 - Greetings Soldier
[INFO], 2022-09-13 22:35:25 SoldierVisitor:15 - Greetings Soldier
[INFO], 2022-09-13 22:35:25 SoldierVisitor:15 - Greetings Soldier
[INFO], 2022-09-13 22:35:25 SoldierVisitor:15 - Greetings Soldier
[INFO], 2022-09-13 22:35:25 SergeantVisitor:17 - Hello chapter4_visitor.Sergeant@7f8a9499
[INFO], 2022-09-13 22:35:25 SergeantVisitor:17 - Hello chapter4_visitor.Sergeant@5d43661b
[INFO], 2022-09-13 22:35:25 CommanderVisitor:25 - Good to see you Commander
[INFO], 2022-09-13 22:47:55 SoldierVisitor:15 - Greetings Soldier
[INFO], 2022-09-13 22:47:55 SoldierVisitor:15 - Greetings Soldier
[INFO], 2022-09-13 22:47:55 SoldierVisitor:15 - Greetings Soldier
[INFO], 2022-09-13 22:47:55 SoldierVisitor:15 - Greetings Soldier
[INFO], 2022-09-13 22:47:55 SoldierVisitor:15 - Greetings Soldier
[INFO], 2022-09-13 22:47:55 SoldierVisitor:15 - Greetings Soldier
[INFO], 2022-09-13 22:47:55 SergeantVisitor:17 - Hello Sergeant{}
[INFO], 2022-09-13 22:47:55 SergeantVisitor:17 - Hello Sergeant{}
[INFO], 2022-09-13 22:47:55 CommanderVisitor:25 - Good to see you Commander
[INFO], 2022-09-13 22:51:22 SoldierVisitor:15 - Greetings Soldier
[INFO], 2022-09-13 22:51:22 SoldierVisitor:15 - Greetings Soldier
[INFO], 2022-09-13 22:51:22 SoldierVisitor:15 - Greetings Soldier
[INFO], 2022-09-13 22:51:22 SoldierVisitor:15 - Greetings Soldier
[INFO], 2022-09-13 22:51:22 SoldierVisitor:15 - Greetings Soldier
[INFO], 2022-09-13 22:51:22 SoldierVisitor:15 - Greetings Soldier
[INFO], 2022-09-13 22:51:22 SergeantVisitor:17 - Hello Sergeant
[INFO], 2022-09-13 22:51:22 SergeantVisitor:17 - Hello Sergeant
[INFO], 2022-09-13 22:51:22 CommanderVisitor:25 - Good to see you Commander
[INFO], 2022-09-13 22:55:46 SoldierVisitor:15 - Greetings Soldier
[INFO], 2022-09-13 22:55:46 SoldierVisitor:15 - Greetings Soldier
[INFO], 2022-09-13 22:55:46 SoldierVisitor:15 - Greetings Soldier
[INFO], 2022-09-13 22:55:46 SoldierVisitor:15 - Greetings Soldier
[INFO], 2022-09-13 22:55:46 SoldierVisitor:15 - Greetings Soldier
[INFO], 2022-09-13 22:55:46 SoldierVisitor:15 - Greetings Soldier
[INFO], 2022-09-13 22:56:00 SergeantVisitor:17 - Hello Sergeant
[INFO], 2022-09-13 22:56:00 SergeantVisitor:17 - Hello Sergeant
