[INFO], 2022-09-12 22:15:42 Orc:41 - Orc0 has started to roam the wastelands 
[INFO], 2022-09-12 22:15:42 Orc:41 - Orc1 has started to roam the wastelands 
[INFO], 2022-09-12 22:15:42 Orc:41 - Orc2 has started to roam the wastelands 
[INFO], 2022-09-12 22:15:42 Orc:47 - Orc2 has started to roam in the wastelands 
[INFO], 2022-09-12 22:15:42 Orc:47 - Orc0 has started to roam in the wastelands 
[INFO], 2022-09-12 22:15:42 Orc:47 - Orc1 has started to roam in the wastelands 
[ERROR], 2022-09-12 22:15:43 Orc:32 - null
[ERROR], 2022-09-12 22:15:43 Orc:32 - null
[ERROR], 2022-09-12 22:15:43 Orc:32 - null
[INFO], 2022-09-12 22:30:17 Orc:41 - Orc2 is eating!
[INFO], 2022-09-12 22:30:17 Orc:41 - Orc0 is eating!
[INFO], 2022-09-12 22:30:17 Orc:41 - Orc1 is eating!
[INFO], 2022-09-12 22:30:17 Orc:42 - Orc1 has finished eating!
[INFO], 2022-09-12 22:30:17 Orc:42 - Orc0 has finished eating!
[INFO], 2022-09-12 22:30:17 Orc:48 - Orc1 has started to roam in the wastelands 
[INFO], 2022-09-12 22:30:17 Orc:48 - Orc0 has started to roam in the wastelands 
[INFO], 2022-09-12 22:30:17 Orc:42 - Orc2 has finished eating!
[INFO], 2022-09-12 22:30:17 Orc:48 - Orc2 has started to roam in the wastelands 
[ERROR], 2022-09-12 22:30:18 Orc:32 - null
[ERROR], 2022-09-12 22:30:18 Orc:32 - null
[ERROR], 2022-09-12 22:30:18 Orc:32 - null
